<?xml version="1.0" encoding="UTF-8"?>
<!-- Generated by org.testng.reporters.JUnitReportReporter -->
<testsuite skipped="1" hostname="ESS17001DXB0374" name="api.automation.rest.TC_0001" tests="2" failures="0" timestamp="13 Nov 2020 09:52:11 GMT" time="4.441" errors="0">
  <testcase name="Scenario_2" time="4.441" classname="api.automation.rest.TC_0001"/>
  <testcase name="Scenario_1" classname="api.automation.rest.TC_0001">
    <skipped/>
  </testcase> <!-- Scenario_1 -->
</testsuite> <!-- api.automation.rest.TC_0001 -->
