<?xml version="1.0" encoding="UTF-8"?>
<!-- Generated by org.testng.reporters.JUnitReportReporter -->
<testsuite skipped="0" hostname="ESS17001DXB0374" name="api.automation.rest.ApiAutomation" tests="2" failures="0" timestamp="13 Nov 2020 10:00:07 GMT" time="6.463" errors="0">
  <testcase name="Scenario_2" time="2.157" classname="api.automation.rest.ApiAutomation"/>
  <testcase name="Scenario_1" time="4.306" classname="api.automation.rest.ApiAutomation"/>
</testsuite> <!-- api.automation.rest.ApiAutomation -->
